<?xml version="1.0" encoding="UTF-8"?>
<testsuites name="AmazonWeb" time="1678.726" tests="6" failures="0" errors="0">
   <testsuite name="AmazonWeb" tests="6" failures="0" errors="0" time="1678.726" skipped="0" timestamp="18-03-2024T14:28:26" hostname="Edy - LAPTOP-CABQET3K" id="Test Suites/Amazon - Login - Cart - Search/AmazonWeb">
      <properties>
[...]
</properties>
      <testcase name="Test Cases/Login/Login_Valid" time="275.342" classname="Test Cases/Login/Login_Valid" status="PASSED">
         <system-out><![CDATA[18-03-2024T14:28:27 - [TEST_CASE][PASSED] - Test Cases/Login/Login_Valid: Test Cases/Login/Login_Valid

18-03-2024T14:28:28 - [TEST_STEP][PASSED] - openBrowser(""): Browser is opened with url: ''

18-03-2024T14:28:28 - [MESSAGE][INFO] - Starting 'Chrome' driver

18-03-2024T14:28:29 - [MESSAGE][INFO] - Action delay is set to 0 milliseconds

18-03-2024T14:28:36 - [MESSAGE][PASSED] - Browser is opened with url: ''

18-03-2024T14:28:36 - [TEST_STEP][PASSED] - navigateToUrl("https://www.amazon.com/"): Navigate to 'https://www.amazon.com/' successfully

18-03-2024T14:28:44 - [MESSAGE][PASSED] - Navigate to 'https://www.amazon.com/' successfully

18-03-2024T14:28:44 - [TEST_STEP][PASSED] - click(findTestObject("AmazonLogin/LoginInvalid/Page_Amazon.com. Spend less. Smile more/span_Hello, sign in")): Object: 'Object Repository/AmazonLogin/LoginInvalid/Page_Amazon.com. Spend less. Smile more/span_Hello, sign in' is clicked on

18-03-2024T14:29:18 - [MESSAGE][PASSED] - Object: 'Object Repository/AmazonLogin/LoginInvalid/Page_Amazon.com. Spend less. Smile more/span_Hello, sign in' is clicked on

18-03-2024T14:29:18 - [TEST_STEP][PASSED] - setText(findTestObject("Object Repository/AmazonLogin/Page_Amazon Sign-In/input_Email or mobile phone number_email"), "4halehaleha@gmail.com"): Text '4halehaleha@gmail.com' is set on object 'Object Repository/AmazonLogin/Page_Amazon Sign-In/input_Email or mobile phone number_email'

18-03-2024T14:30:19 - [MESSAGE][PASSED] - Text '4halehaleha@gmail.com' is set on object 'Object Repository/AmazonLogin/Page_Amazon Sign-In/input_Email or mobile phone number_email'

18-03-2024T14:30:19 - [TEST_STEP][PASSED] - click(findTestObject("Object Repository/AmazonLogin/Page_Amazon Sign-In/input_Enter your email or mobile phone numb_fc7402")): Object: 'Object Repository/AmazonLogin/Page_Amazon Sign-In/input_Enter your email or mobile phone numb_fc7402' is clicked on

18-03-2024T14:30:51 - [MESSAGE][PASSED] - Object: 'Object Repository/AmazonLogin/Page_Amazon Sign-In/input_Enter your email or mobile phone numb_fc7402' is clicked on

18-03-2024T14:30:52 - [TEST_STEP][PASSED] - setEncryptedText(findTestObject("Object Repository/AmazonLogin/Page_Amazon Sign-In/input_Forgot your password_password"), "A7XJPV0S6sEBacsgdop7Hw=="): Text ****** has been set on object 'Object Repository/AmazonLogin/Page_Amazon Sign-In/input_Forgot your password_password'

18-03-2024T14:31:22 - [MESSAGE][PASSED] - Text ****** has been set on object 'Object Repository/AmazonLogin/Page_Amazon Sign-In/input_Forgot your password_password'

18-03-2024T14:31:22 - [TEST_STEP][PASSED] - click(findTestObject("Object Repository/AmazonLogin/Page_Amazon Sign-In/input_Enter your password_signInSubmit")): Object: 'Object Repository/AmazonLogin/Page_Amazon Sign-In/input_Enter your password_signInSubmit' is clicked on

18-03-2024T14:31:52 - [MESSAGE][PASSED] - Object: 'Object Repository/AmazonLogin/Page_Amazon Sign-In/input_Enter your password_signInSubmit' is clicked on

18-03-2024T14:31:52 - [TEST_STEP][PASSED] - waitForElementPresent(findTestObject("Object Repository/AmazonLogin/Page_Amazon.com. Spend less. Smile more/a_us"), 0): Object 'Object Repository/AmazonLogin/Page_Amazon.com. Spend less. Smile more/a_us' is present

18-03-2024T14:31:53 - [MESSAGE][WARNING] - Timeout '0' is invalid. Using default page load timeout: '30'

18-03-2024T14:32:29 - [MESSAGE][PASSED] - Object 'Object Repository/AmazonLogin/Page_Amazon.com. Spend less. Smile more/a_us' is present

18-03-2024T14:32:29 - [TEST_STEP][PASSED] - takeScreenshot(): Taking screenshot successfully

18-03-2024T14:33:01 - [MESSAGE][PASSED] - Taking screenshot successfully
[[ATTACHMENT|C:\\Users\\Edy\\Katalon Studio\\AmazonWeb\\Reports\\20240318_142809\\Amazon - Login - Cart - Search\\AmazonWeb\\20240318_142809\\1710747179419.png]]

18-03-2024T14:33:01 - [TEST_STEP][PASSED] - closeBrowser(): Browser is closed

18-03-2024T14:33:02 - [MESSAGE][PASSED] - Browser is closed]]></system-out>
         <system-err><![CDATA[]]></system-err>
      </testcase>
      <testcase name="Test Cases/Login/Login_Invalid_Pass" time="259.335" classname="Test Cases/Login/Login_Invalid_Pass" status="PASSED">
         <system-out><![CDATA[18-03-2024T14:33:02 - [TEST_CASE][PASSED] - Test Cases/Login/Login_Invalid_Pass: Test Cases/Login/Login_Invalid_Pass

18-03-2024T14:33:02 - [TEST_STEP][PASSED] - openBrowser(""): Browser is opened with url: ''

18-03-2024T14:33:02 - [MESSAGE][INFO] - Starting 'Chrome' driver

18-03-2024T14:33:02 - [MESSAGE][INFO] - Action delay is set to 0 milliseconds

18-03-2024T14:33:05 - [MESSAGE][PASSED] - Browser is opened with url: ''

18-03-2024T14:33:05 - [TEST_STEP][PASSED] - navigateToUrl("https://www.amazon.com/"): Navigate to 'https://www.amazon.com/' successfully

18-03-2024T14:33:11 - [MESSAGE][PASSED] - Navigate to 'https://www.amazon.com/' successfully

18-03-2024T14:33:11 - [TEST_STEP][PASSED] - click(findTestObject("Object Repository/AmazonLogin/LoginInvalid/Page_Amazon.com. Spend less. Smile more/span_Hello, sign in")): Object: 'Object Repository/AmazonLogin/LoginInvalid/Page_Amazon.com. Spend less. Smile more/span_Hello, sign in' is clicked on

18-03-2024T14:33:44 - [MESSAGE][PASSED] - Object: 'Object Repository/AmazonLogin/LoginInvalid/Page_Amazon.com. Spend less. Smile more/span_Hello, sign in' is clicked on

18-03-2024T14:33:44 - [TEST_STEP][PASSED] - setText(findTestObject("Object Repository/AmazonLogin/LoginInvalid/Page_Amazon Sign-In/input_Email or mobile phone number_email"), "4halehaleha@gmail.com"): Text '4halehaleha@gmail.com' is set on object 'Object Repository/AmazonLogin/LoginInvalid/Page_Amazon Sign-In/input_Email or mobile phone number_email'

18-03-2024T14:34:44 - [MESSAGE][PASSED] - Text '4halehaleha@gmail.com' is set on object 'Object Repository/AmazonLogin/LoginInvalid/Page_Amazon Sign-In/input_Email or mobile phone number_email'

18-03-2024T14:34:44 - [TEST_STEP][PASSED] - click(findTestObject("Object Repository/AmazonLogin/LoginInvalid/Page_Amazon Sign-In/input_Enter your email or mobile phone numb_fc7402")): Object: 'Object Repository/AmazonLogin/LoginInvalid/Page_Amazon Sign-In/input_Enter your email or mobile phone numb_fc7402' is clicked on

18-03-2024T14:35:16 - [MESSAGE][PASSED] - Object: 'Object Repository/AmazonLogin/LoginInvalid/Page_Amazon Sign-In/input_Enter your email or mobile phone numb_fc7402' is clicked on

18-03-2024T14:35:16 - [TEST_STEP][PASSED] - setEncryptedText(findTestObject("Object Repository/AmazonLogin/LoginInvalid/Page_Amazon Sign-In/input_Forgot your password_password"), "F0oePG56Ngx2bQSoBGQKOg=="): Text ****** has been set on object 'Object Repository/AmazonLogin/LoginInvalid/Page_Amazon Sign-In/input_Forgot your password_password'

18-03-2024T14:35:47 - [MESSAGE][PASSED] - Text ****** has been set on object 'Object Repository/AmazonLogin/LoginInvalid/Page_Amazon Sign-In/input_Forgot your password_password'

18-03-2024T14:35:47 - [TEST_STEP][PASSED] - click(findTestObject("Object Repository/AmazonLogin/LoginInvalid/Page_Amazon Sign-In/input_Enter your password_signInSubmit")): Object: 'Object Repository/AmazonLogin/LoginInvalid/Page_Amazon Sign-In/input_Enter your password_signInSubmit' is clicked on

18-03-2024T14:36:20 - [MESSAGE][PASSED] - Object: 'Object Repository/AmazonLogin/LoginInvalid/Page_Amazon Sign-In/input_Enter your password_signInSubmit' is clicked on

18-03-2024T14:36:20 - [TEST_STEP][PASSED] - verifyElementText(findTestObject("Object Repository/AmazonLogin/LoginInvalid/Page_Amazon Sign-In/span_Your password is incorrect"), "Your password is incorrect"): Actual text and expected text of test object 'Object Repository/AmazonLogin/LoginInvalid/Page_Amazon Sign-In/span_Your password is incorrect' are matched.

18-03-2024T14:36:50 - [MESSAGE][PASSED] - Actual text and expected text of test object 'Object Repository/AmazonLogin/LoginInvalid/Page_Amazon Sign-In/span_Your password is incorrect' are matched.

18-03-2024T14:36:50 - [TEST_STEP][PASSED] - takeScreenshot(): Taking screenshot successfully

18-03-2024T14:37:21 - [MESSAGE][PASSED] - Taking screenshot successfully
[[ATTACHMENT|C:\\Users\\Edy\\Katalon Studio\\AmazonWeb\\Reports\\20240318_142809\\Amazon - Login - Cart - Search\\AmazonWeb\\20240318_142809\\1710747440918.png]]

18-03-2024T14:37:21 - [TEST_STEP][PASSED] - closeBrowser(): Browser is closed

18-03-2024T14:37:21 - [MESSAGE][PASSED] - Browser is closed]]></system-out>
         <system-err><![CDATA[]]></system-err>
      </testcase>
      <testcase name="Test Cases/Login/Login_Invalid_Email" time="195.121" classname="Test Cases/Login/Login_Invalid_Email" status="PASSED">
         <system-out><![CDATA[18-03-2024T14:37:21 - [TEST_CASE][PASSED] - Test Cases/Login/Login_Invalid_Email: Test Cases/Login/Login_Invalid_Email

18-03-2024T14:37:22 - [TEST_STEP][PASSED] - openBrowser(""): Browser is opened with url: ''

18-03-2024T14:37:22 - [MESSAGE][INFO] - Starting 'Chrome' driver

18-03-2024T14:37:22 - [MESSAGE][INFO] - Action delay is set to 0 milliseconds

18-03-2024T14:37:24 - [MESSAGE][PASSED] - Browser is opened with url: ''

18-03-2024T14:37:24 - [TEST_STEP][PASSED] - navigateToUrl("https://www.amazon.com/"): Navigate to 'https://www.amazon.com/' successfully

18-03-2024T14:37:30 - [MESSAGE][PASSED] - Navigate to 'https://www.amazon.com/' successfully

18-03-2024T14:37:30 - [TEST_STEP][PASSED] - click(findTestObject("Object Repository/AmazonLogin/EmailInvalid/Page_Amazon.com. Spend less. Smile more/span_Hello, sign in")): Object: 'Object Repository/AmazonLogin/EmailInvalid/Page_Amazon.com. Spend less. Smile more/span_Hello, sign in' is clicked on

18-03-2024T14:38:03 - [MESSAGE][PASSED] - Object: 'Object Repository/AmazonLogin/EmailInvalid/Page_Amazon.com. Spend less. Smile more/span_Hello, sign in' is clicked on

18-03-2024T14:38:03 - [TEST_STEP][PASSED] - setText(findTestObject("Object Repository/AmazonLogin/EmailInvalid/Page_Amazon Sign-In/input_Email or mobile phone number_email"), "444halehaleha@gmail.com"): Text '444halehaleha@gmail.com' is set on object 'Object Repository/AmazonLogin/EmailInvalid/Page_Amazon Sign-In/input_Email or mobile phone number_email'

18-03-2024T14:39:04 - [MESSAGE][PASSED] - Text '444halehaleha@gmail.com' is set on object 'Object Repository/AmazonLogin/EmailInvalid/Page_Amazon Sign-In/input_Email or mobile phone number_email'

18-03-2024T14:39:04 - [TEST_STEP][PASSED] - click(findTestObject("Object Repository/AmazonLogin/EmailInvalid/Page_Amazon Sign-In/input_Enter your email or mobile phone numb_fc7402")): Object: 'Object Repository/AmazonLogin/EmailInvalid/Page_Amazon Sign-In/input_Enter your email or mobile phone numb_fc7402' is clicked on

18-03-2024T14:39:35 - [MESSAGE][PASSED] - Object: 'Object Repository/AmazonLogin/EmailInvalid/Page_Amazon Sign-In/input_Enter your email or mobile phone numb_fc7402' is clicked on

18-03-2024T14:39:35 - [TEST_STEP][PASSED] - verifyElementText(findTestObject("Object Repository/AmazonLogin/EmailInvalid/Page_Amazon Sign-In/span_We cannot find an account with that em_0dde72"), "We cannot find an account with that email address"): Actual text and expected text of test object 'Object Repository/AmazonLogin/EmailInvalid/Page_Amazon Sign-In/span_We cannot find an account with that em_0dde72' are matched.

18-03-2024T14:40:06 - [MESSAGE][PASSED] - Actual text and expected text of test object 'Object Repository/AmazonLogin/EmailInvalid/Page_Amazon Sign-In/span_We cannot find an account with that em_0dde72' are matched.

18-03-2024T14:40:06 - [TEST_STEP][PASSED] - takeScreenshot(): Taking screenshot successfully

18-03-2024T14:40:36 - [MESSAGE][PASSED] - Taking screenshot successfully
[[ATTACHMENT|C:\\Users\\Edy\\Katalon Studio\\AmazonWeb\\Reports\\20240318_142809\\Amazon - Login - Cart - Search\\AmazonWeb\\20240318_142809\\1710747636254.png]]

18-03-2024T14:40:36 - [TEST_STEP][PASSED] - closeBrowser(): Browser is closed

18-03-2024T14:40:36 - [MESSAGE][PASSED] - Browser is closed]]></system-out>
         <system-err><![CDATA[]]></system-err>
      </testcase>
      <testcase name="Test Cases/Search Product/Search by keyword" time="157.412" classname="Test Cases/Search Product/Search by keyword" status="PASSED">
         <system-out><![CDATA[18-03-2024T14:40:37 - [TEST_CASE][PASSED] - Test Cases/Search Product/Search by keyword: Test Cases/Search Product/Search by keyword

18-03-2024T14:40:37 - [TEST_STEP][PASSED] - openBrowser(""): Browser is opened with url: ''

18-03-2024T14:40:37 - [MESSAGE][INFO] - Starting 'Chrome' driver

18-03-2024T14:40:37 - [MESSAGE][INFO] - Action delay is set to 0 milliseconds

18-03-2024T14:40:39 - [MESSAGE][PASSED] - Browser is opened with url: ''

18-03-2024T14:40:39 - [TEST_STEP][PASSED] - navigateToUrl("https://www.amazon.com/"): Navigate to 'https://www.amazon.com/' successfully

18-03-2024T14:40:45 - [MESSAGE][PASSED] - Navigate to 'https://www.amazon.com/' successfully

18-03-2024T14:40:45 - [TEST_STEP][PASSED] - click(findTestObject("Object Repository/Search/Page_Amazon.com. Spend less. Smile more/input_Search Amazon_field-keywords")): Object: 'Object Repository/Search/Page_Amazon.com. Spend less. Smile more/input_Search Amazon_field-keywords' is clicked on

18-03-2024T14:41:15 - [MESSAGE][PASSED] - Object: 'Object Repository/Search/Page_Amazon.com. Spend less. Smile more/input_Search Amazon_field-keywords' is clicked on

18-03-2024T14:41:15 - [TEST_STEP][PASSED] - setText(findTestObject("Object Repository/Search/Page_Amazon.com. Spend less. Smile more/input_Search Amazon_field-keywords"), "Lenovo ideapad gaming 3"): Text 'Lenovo ideapad gaming 3' is set on object 'Object Repository/Search/Page_Amazon.com. Spend less. Smile more/input_Search Amazon_field-keywords'

18-03-2024T14:42:16 - [MESSAGE][PASSED] - Text 'Lenovo ideapad gaming 3' is set on object 'Object Repository/Search/Page_Amazon.com. Spend less. Smile more/input_Search Amazon_field-keywords'

18-03-2024T14:42:16 - [TEST_STEP][PASSED] - click(findTestObject("Object Repository/Search/Page_Amazon.com. Spend less. Smile more/input_Search Amazon_nav-search-submit-button")): Object: 'Object Repository/Search/Page_Amazon.com. Spend less. Smile more/input_Search Amazon_nav-search-submit-button' is clicked on

18-03-2024T14:42:53 - [MESSAGE][PASSED] - Object: 'Object Repository/Search/Page_Amazon.com. Spend less. Smile more/input_Search Amazon_nav-search-submit-button' is clicked on

18-03-2024T14:42:53 - [TEST_STEP][PASSED] - click(findTestObject("Object Repository/Search/Page_Amazon.com  Lenovo ideapad gaming 3/span_IdeaPad Gaming 3 15.6 FHD 120Hz Laptop_3af257")): Object: 'Object Repository/Search/Page_Amazon.com  Lenovo ideapad gaming 3/span_IdeaPad Gaming 3 15.6 FHD 120Hz Laptop_3af257' is clicked on

18-03-2024T14:43:04 - [MESSAGE][PASSED] - Object: 'Object Repository/Search/Page_Amazon.com  Lenovo ideapad gaming 3/span_IdeaPad Gaming 3 15.6 FHD 120Hz Laptop_3af257' is clicked on

18-03-2024T14:43:04 - [TEST_STEP][PASSED] - takeScreenshot(): Taking screenshot successfully

18-03-2024T14:43:13 - [MESSAGE][PASSED] - Taking screenshot successfully
[[ATTACHMENT|C:\\Users\\Edy\\Katalon Studio\\AmazonWeb\\Reports\\20240318_142809\\Amazon - Login - Cart - Search\\AmazonWeb\\20240318_142809\\1710747791789.png]]

18-03-2024T14:43:13 - [TEST_STEP][PASSED] - closeBrowser(): Browser is closed

18-03-2024T14:43:14 - [MESSAGE][PASSED] - Browser is closed]]></system-out>
         <system-err><![CDATA[]]></system-err>
      </testcase>
      <testcase name="Test Cases/Cart/Add to Cart" time="449.882" classname="Test Cases/Cart/Add to Cart" status="PASSED">
         <system-out><![CDATA[18-03-2024T14:43:14 - [TEST_CASE][PASSED] - Test Cases/Cart/Add to Cart: Test Cases/Cart/Add to Cart

18-03-2024T14:43:14 - [TEST_STEP][PASSED] - openBrowser(""): Browser is opened with url: ''

18-03-2024T14:43:14 - [MESSAGE][INFO] - Starting 'Chrome' driver

18-03-2024T14:43:14 - [MESSAGE][INFO] - Action delay is set to 0 milliseconds

18-03-2024T14:43:17 - [MESSAGE][PASSED] - Browser is opened with url: ''

18-03-2024T14:43:17 - [TEST_STEP][PASSED] - navigateToUrl("https://www.amazon.com/"): Navigate to 'https://www.amazon.com/' successfully

18-03-2024T14:43:24 - [MESSAGE][PASSED] - Navigate to 'https://www.amazon.com/' successfully

18-03-2024T14:43:24 - [TEST_STEP][PASSED] - selectOptionByValue(findTestObject("Object Repository/Add Cart/Page_Amazon.com. Spend less. Smile more/select_All Departments        Arts  Crafts _135c92"), "search-alias=automotive-intl-ship", true): All options with value 'search-alias=automotive-intl-ship' are selected in object 'Object Repository/Add Cart/Page_Amazon.com. Spend less. Smile more/select_All Departments        Arts  Crafts _135c92'  using regular expression

18-03-2024T14:44:56 - [MESSAGE][PASSED] - All options with value 'search-alias=automotive-intl-ship' are selected in object 'Object Repository/Add Cart/Page_Amazon.com. Spend less. Smile more/select_All Departments        Arts  Crafts _135c92'  using regular expression

18-03-2024T14:44:56 - [TEST_STEP][PASSED] - setText(findTestObject("Object Repository/Add Cart/Page_Amazon.com. Spend less. Smile more/input_Search Amazon_field-keywords"), "Brake"): Text 'Brake' is set on object 'Object Repository/Add Cart/Page_Amazon.com. Spend less. Smile more/input_Search Amazon_field-keywords'

18-03-2024T14:45:56 - [MESSAGE][PASSED] - Text 'Brake' is set on object 'Object Repository/Add Cart/Page_Amazon.com. Spend less. Smile more/input_Search Amazon_field-keywords'

18-03-2024T14:45:56 - [TEST_STEP][PASSED] - click(findTestObject("Object Repository/Add Cart/Page_Amazon.com. Spend less. Smile more/input_Search Amazon_nav-search-submit-button")): Object: 'Object Repository/Add Cart/Page_Amazon.com. Spend less. Smile more/input_Search Amazon_nav-search-submit-button' is clicked on

18-03-2024T14:46:39 - [MESSAGE][PASSED] - Object: 'Object Repository/Add Cart/Page_Amazon.com. Spend less. Smile more/input_Search Amazon_nav-search-submit-button' is clicked on

18-03-2024T14:46:39 - [TEST_STEP][PASSED] - click(findTestObject("Object Repository/Add Cart/Page_Amazon.com  Brake/span_Front Brake Rotors and Pads Kit Compat_6632a7")): Object: 'Object Repository/Add Cart/Page_Amazon.com  Brake/span_Front Brake Rotors and Pads Kit Compat_6632a7' is clicked on

18-03-2024T14:46:58 - [MESSAGE][PASSED] - Object: 'Object Repository/Add Cart/Page_Amazon.com  Brake/span_Front Brake Rotors and Pads Kit Compat_6632a7' is clicked on

18-03-2024T14:46:58 - [TEST_STEP][PASSED] - click(findTestObject("Object Repository/Add Cart/Page_Amazon.com Geekstop Front Brake Rotors_23f753/input_Shipping cost, delivery date, and ord_223673")): Object: 'Object Repository/Add Cart/Page_Amazon.com Geekstop Front Brake Rotors_23f753/input_Shipping cost, delivery date, and ord_223673' is clicked on

18-03-2024T14:47:36 - [MESSAGE][PASSED] - Object: 'Object Repository/Add Cart/Page_Amazon.com Geekstop Front Brake Rotors_23f753/input_Shipping cost, delivery date, and ord_223673' is clicked on

18-03-2024T14:47:36 - [TEST_STEP][PASSED] - click(findTestObject("Object Repository/Add Cart/Page_Amazon.com Shopping Cart/input_Indonesia_a-button-input")): Object: 'Object Repository/Add Cart/Page_Amazon.com Shopping Cart/input_Indonesia_a-button-input' is clicked on

18-03-2024T14:48:07 - [MESSAGE][PASSED] - Object: 'Object Repository/Add Cart/Page_Amazon.com Shopping Cart/input_Indonesia_a-button-input' is clicked on

18-03-2024T14:48:07 - [TEST_STEP][PASSED] - rightClick(findTestObject("Object Repository/Add Cart/Page_Amazon.com Shopping Cart/h1_Added to Cart")): Object: 'Object Repository/Add Cart/Page_Amazon.com Shopping Cart/h1_Added to Cart' is right clicked on

18-03-2024T14:48:42 - [MESSAGE][PASSED] - Object: 'Object Repository/Add Cart/Page_Amazon.com Shopping Cart/h1_Added to Cart' is right clicked on

18-03-2024T14:48:42 - [TEST_STEP][PASSED] - click(findTestObject("Object Repository/Add Cart/Page_Amazon.com Shopping Cart/div_Added to Cart                          _039514")): Object: 'Object Repository/Add Cart/Page_Amazon.com Shopping Cart/div_Added to Cart                          _039514' is clicked on

18-03-2024T14:49:12 - [MESSAGE][PASSED] - Object: 'Object Repository/Add Cart/Page_Amazon.com Shopping Cart/div_Added to Cart                          _039514' is clicked on

18-03-2024T14:49:12 - [TEST_STEP][PASSED] - click(findTestObject("Object Repository/Add Cart/Page_Amazon.com Shopping Cart/div_Added to Cart                          _039514_1")): Object: 'Object Repository/Add Cart/Page_Amazon.com Shopping Cart/div_Added to Cart                          _039514_1' is clicked on

18-03-2024T14:49:43 - [MESSAGE][PASSED] - Object: 'Object Repository/Add Cart/Page_Amazon.com Shopping Cart/div_Added to Cart                          _039514_1' is clicked on

18-03-2024T14:49:43 - [TEST_STEP][PASSED] - verifyElementText(findTestObject("Object Repository/Add Cart/Page_Amazon.com Shopping Cart/h1_Added to Cart"), "Added to Cart"): Actual text and expected text of test object 'Object Repository/Add Cart/Page_Amazon.com Shopping Cart/h1_Added to Cart' are matched.

18-03-2024T14:50:13 - [MESSAGE][PASSED] - Actual text and expected text of test object 'Object Repository/Add Cart/Page_Amazon.com Shopping Cart/h1_Added to Cart' are matched.

18-03-2024T14:50:13 - [TEST_STEP][PASSED] - takeScreenshot(): Taking screenshot successfully

18-03-2024T14:50:43 - [MESSAGE][PASSED] - Taking screenshot successfully
[[ATTACHMENT|C:\\Users\\Edy\\Katalon Studio\\AmazonWeb\\Reports\\20240318_142809\\Amazon - Login - Cart - Search\\AmazonWeb\\20240318_142809\\1710748243391.png]]

18-03-2024T14:50:43 - [TEST_STEP][PASSED] - closeBrowser(): Browser is closed

18-03-2024T14:50:44 - [MESSAGE][PASSED] - Browser is closed]]></system-out>
         <system-err><![CDATA[]]></system-err>
      </testcase>
      <testcase name="Test Cases/Search Product/Search by category" time="340.778" classname="Test Cases/Search Product/Search by category" status="PASSED">
         <system-out><![CDATA[18-03-2024T14:50:44 - [TEST_CASE][PASSED] - Test Cases/Search Product/Search by category: Test Cases/Search Product/Search by category

18-03-2024T14:50:44 - [TEST_STEP][PASSED] - openBrowser(""): Browser is opened with url: ''

18-03-2024T14:50:44 - [MESSAGE][INFO] - Starting 'Chrome' driver

18-03-2024T14:50:44 - [MESSAGE][INFO] - Action delay is set to 0 milliseconds

18-03-2024T14:50:47 - [MESSAGE][PASSED] - Browser is opened with url: ''

18-03-2024T14:50:47 - [TEST_STEP][PASSED] - navigateToUrl("https://www.amazon.com/"): Navigate to 'https://www.amazon.com/' successfully

18-03-2024T14:50:55 - [MESSAGE][PASSED] - Navigate to 'https://www.amazon.com/' successfully

18-03-2024T14:50:55 - [TEST_STEP][PASSED] - selectOptionByValue(findTestObject("Object Repository/Search/Search by Category/Page_Amazon.com. Spend less. Smile more/select_All Departments        Arts  Crafts _135c92"), "search-alias=stripbooks-intl-ship", true): All options with value 'search-alias=stripbooks-intl-ship' are selected in object 'Object Repository/Search/Search by Category/Page_Amazon.com. Spend less. Smile more/select_All Departments        Arts  Crafts _135c92'  using regular expression

18-03-2024T14:52:26 - [MESSAGE][PASSED] - All options with value 'search-alias=stripbooks-intl-ship' are selected in object 'Object Repository/Search/Search by Category/Page_Amazon.com. Spend less. Smile more/select_All Departments        Arts  Crafts _135c92'  using regular expression

18-03-2024T14:52:26 - [TEST_STEP][PASSED] - setText(findTestObject("Object Repository/Search/Search by Category/Page_Amazon.com. Spend less. Smile more/input_Search Amazon_field-keywords"), "Muqaddimah"): Text 'Muqaddimah' is set on object 'Object Repository/Search/Search by Category/Page_Amazon.com. Spend less. Smile more/input_Search Amazon_field-keywords'

18-03-2024T14:53:27 - [MESSAGE][PASSED] - Text 'Muqaddimah' is set on object 'Object Repository/Search/Search by Category/Page_Amazon.com. Spend less. Smile more/input_Search Amazon_field-keywords'

18-03-2024T14:53:27 - [TEST_STEP][PASSED] - click(findTestObject("Object Repository/Search/Search by Category/Page_Amazon.com. Spend less. Smile more/input_Search Amazon_nav-search-submit-button")): Object: 'Object Repository/Search/Search by Category/Page_Amazon.com. Spend less. Smile more/input_Search Amazon_nav-search-submit-button' is clicked on

18-03-2024T14:54:05 - [MESSAGE][PASSED] - Object: 'Object Repository/Search/Search by Category/Page_Amazon.com. Spend less. Smile more/input_Search Amazon_nav-search-submit-button' is clicked on

18-03-2024T14:54:05 - [TEST_STEP][PASSED] - click(findTestObject("Object Repository/Search/Search by Category/Page_Amazon.com  Muqaddimah/span_The Muqaddimah An Introduction to Hist_33a059")): Object: 'Object Repository/Search/Search by Category/Page_Amazon.com  Muqaddimah/span_The Muqaddimah An Introduction to Hist_33a059' is clicked on

18-03-2024T14:54:45 - [MESSAGE][PASSED] - Object: 'Object Repository/Search/Search by Category/Page_Amazon.com  Muqaddimah/span_The Muqaddimah An Introduction to Hist_33a059' is clicked on

18-03-2024T14:54:45 - [TEST_STEP][PASSED] - rightClick(findTestObject("Object Repository/Search/Search by Category/Page_Amazon.com The Muqaddimah An Introduct_e14ac2/span_The Muqaddimah An Introduction to Hist_33a059")): Object: 'Object Repository/Search/Search by Category/Page_Amazon.com The Muqaddimah An Introduct_e14ac2/span_The Muqaddimah An Introduction to Hist_33a059' is right clicked on

18-03-2024T14:55:16 - [MESSAGE][PASSED] - Object: 'Object Repository/Search/Search by Category/Page_Amazon.com The Muqaddimah An Introduct_e14ac2/span_The Muqaddimah An Introduction to Hist_33a059' is right clicked on

18-03-2024T14:55:16 - [TEST_STEP][PASSED] - click(findTestObject("Object Repository/Search/Search by Category/Page_Amazon.com The Muqaddimah An Introduct_e14ac2/h1_The Muqaddimah An Introduction to Histor_b361d6")): Object: 'Object Repository/Search/Search by Category/Page_Amazon.com The Muqaddimah An Introduct_e14ac2/h1_The Muqaddimah An Introduction to Histor_b361d6' is clicked on

18-03-2024T14:55:47 - [MESSAGE][PASSED] - Object: 'Object Repository/Search/Search by Category/Page_Amazon.com The Muqaddimah An Introduct_e14ac2/h1_The Muqaddimah An Introduction to Histor_b361d6' is clicked on

18-03-2024T14:55:47 - [TEST_STEP][PASSED] - takeScreenshot(): Taking screenshot successfully

18-03-2024T14:56:17 - [MESSAGE][PASSED] - Taking screenshot successfully
[[ATTACHMENT|C:\\Users\\Edy\\Katalon Studio\\AmazonWeb\\Reports\\20240318_142809\\Amazon - Login - Cart - Search\\AmazonWeb\\20240318_142809\\1710748577254.png]]

18-03-2024T14:56:17 - [TEST_STEP][PASSED] - closeBrowser(): Browser is closed

18-03-2024T14:56:25 - [MESSAGE][PASSED] - Browser is closed]]></system-out>
         <system-err><![CDATA[]]></system-err>
      </testcase>
      <system-out><![CDATA[18-03-2024T14:28:26 - [TEST_SUITE][PASSED] - AmazonWeb: Test Cases/Search Product/Search by category]]></system-out>
      <system-err><![CDATA[]]></system-err>
   </testsuite>
</testsuites>
